<?xml version="1.0" encoding="UTF-8"?>
<testng-results total="1" passed="1" failed="0" skipped="0">
  <reporter-output>
  </reporter-output>
  <suite started-at="2020-10-13T19:43:34Z" name="se.tastebin.maven.test.HelloWorldShould" finished-at="2020-10-13T19:43:34Z" duration-ms="14">
    <groups>
    </groups>
    <test started-at="2020-10-13T19:43:34Z" name="Command line test" finished-at="2020-10-13T19:43:34Z" duration-ms="14">
      <class name="se.tastebin.maven.test.HelloWorldShould">
        <test-method signature="returnHelloWorl()[pri:0, instance:se.tastebin.maven.test.HelloWorldShould@5f9d02cb]" started-at="2020-10-13T21:43:34Z" name="returnHelloWorl" finished-at="2020-10-13T21:43:34Z" duration-ms="7" status="PASS">
          <reporter-output>
          </reporter-output>
        </test-method> <!-- returnHelloWorl -->
      </class> <!-- se.tastebin.maven.test.HelloWorldShould -->
    </test> <!-- Command line test -->
  </suite> <!-- se.tastebin.maven.test.HelloWorldShould -->
</testng-results>
